This file contains any messages produced by compilers while
running configure, to aid debugging if configure makes a mistake.

It was created by xapian-bindings configure 1.4.10, which was
generated by GNU Autoconf 2.69.  Invocation command line was

  $ ./configure --prefix=/workspace/build XAPIAN_CONFIG=/workspace/xapian-core/xapian-config

## --------- ##
## Platform. ##
## --------- ##

hostname = b12b5bd55b31
uname -m = x86_64
uname -r = 4.9.125-linuxkit
uname -s = Linux
uname -v = #1 SMP Fri Sep 7 08:20:28 UTC 2018

/usr/bin/uname -p = unknown
/bin/uname -X     = unknown

/bin/arch              = unknown
/usr/bin/arch -k       = unknown
/usr/convex/getsysinfo = unknown
/usr/bin/hostinfo      = unknown
/bin/machine           = unknown
/usr/bin/oslevel       = unknown
/bin/universe          = unknown

PATH: /root/venv-py2/bin
PATH: /usr/local/sbin
PATH: /usr/local/bin
PATH: /usr/sbin
PATH: /usr/bin
PATH: /sbin
PATH: /bin


## ----------- ##
## Core tests. ##
## ----------- ##

configure:2550: checking for a BSD-compatible install
configure:2618: result: /usr/bin/install -c
configure:2629: checking whether build environment is sane
configure:2684: result: yes
configure:2835: checking for a thread-safe mkdir -p
configure:2874: result: /bin/mkdir -p
configure:2881: checking for gawk
configure:2911: result: no
configure:2881: checking for mawk
configure:2897: found /usr/bin/mawk
configure:2908: result: mawk
configure:2919: checking whether make sets $(MAKE)
configure:2941: result: yes
configure:2970: checking whether make supports nested variables
configure:2987: result: yes
configure:3076: checking whether UID '0' is supported by ustar format
configure:3079: result: yes
configure:3086: checking whether GID '0' is supported by ustar format
configure:3089: result: yes
configure:3097: checking how to create a ustar tar archive
configure:3108: tar --version
tar (GNU tar) 1.28
Copyright (C) 2014 Free Software Foundation, Inc.
License GPLv3+: GNU GPL version 3 or later <http://gnu.org/licenses/gpl.html>.
This is free software: you are free to change and redistribute it.
There is NO WARRANTY, to the extent permitted by law.

Written by John Gilmore and Jay Fenlason.
configure:3111: $? = 0
configure:3151: tardir=conftest.dir && eval tar --format=ustar -chf - "$tardir" >conftest.tar
configure:3154: $? = 0
configure:3158: tar -xf - <conftest.tar
configure:3161: $? = 0
configure:3163: cat conftest.dir/file
GrepMe
configure:3166: $? = 0
configure:3179: result: gnutar
configure:3240: checking build system type
configure:3254: result: x86_64-pc-linux-gnu
configure:3274: checking host system type
configure:3287: result: x86_64-pc-linux-gnu
configure:3382: checking how to print strings
configure:3409: result: printf
configure:3442: checking for style of include used by make
configure:3470: result: GNU
configure:3541: checking for gcc
configure:3557: found /usr/bin/gcc
configure:3568: result: gcc
configure:3797: checking for C compiler version
configure:3806: gcc --version >&5
gcc (Ubuntu 5.4.0-6ubuntu1~16.04.11) 5.4.0 20160609
Copyright (C) 2015 Free Software Foundation, Inc.
This is free software; see the source for copying conditions.  There is NO
warranty; not even for MERCHANTABILITY or FITNESS FOR A PARTICULAR PURPOSE.

configure:3817: $? = 0
configure:3806: gcc -v >&5
Using built-in specs.
COLLECT_GCC=gcc
COLLECT_LTO_WRAPPER=/usr/lib/gcc/x86_64-linux-gnu/5/lto-wrapper
Target: x86_64-linux-gnu
Configured with: ../src/configure -v --with-pkgversion='Ubuntu 5.4.0-6ubuntu1~16.04.11' --with-bugurl=file:///usr/share/doc/gcc-5/README.Bugs --enable-languages=c,ada,c++,java,go,d,fortran,objc,obj-c++ --prefix=/usr --program-suffix=-5 --enable-shared --enable-linker-build-id --libexecdir=/usr/lib --without-included-gettext --enable-threads=posix --libdir=/usr/lib --enable-nls --with-sysroot=/ --enable-clocale=gnu --enable-libstdcxx-debug --enable-libstdcxx-time=yes --with-default-libstdcxx-abi=new --enable-gnu-unique-object --disable-vtable-verify --enable-libmpx --enable-plugin --with-system-zlib --disable-browser-plugin --enable-java-awt=gtk --enable-gtk-cairo --with-java-home=/usr/lib/jvm/java-1.5.0-gcj-5-amd64/jre --enable-java-home --with-jvm-root-dir=/usr/lib/jvm/java-1.5.0-gcj-5-amd64 --with-jvm-jar-dir=/usr/lib/jvm-exports/java-1.5.0-gcj-5-amd64 --with-arch-directory=amd64 --with-ecj-jar=/usr/share/java/eclipse-ecj.jar --enable-objc-gc --enable-multiarch --disable-werror --with-arch-32=i686 --with-abi=m64 --with-multilib-list=m32,m64,mx32 --enable-multilib --with-tune=generic --enable-checking=release --build=x86_64-linux-gnu --host=x86_64-linux-gnu --target=x86_64-linux-gnu
Thread model: posix
gcc version 5.4.0 20160609 (Ubuntu 5.4.0-6ubuntu1~16.04.11) 
configure:3817: $? = 0
configure:3806: gcc -V >&5
gcc: error: unrecognized command line option '-V'
gcc: fatal error: no input files
compilation terminated.
configure:3817: $? = 1
configure:3806: gcc -qversion >&5
gcc: error: unrecognized command line option '-qversion'
gcc: fatal error: no input files
compilation terminated.
configure:3817: $? = 1
configure:3837: checking whether the C compiler works
configure:3859: gcc    conftest.c  >&5
configure:3863: $? = 0
configure:3911: result: yes
configure:3914: checking for C compiler default output file name
configure:3916: result: a.out
configure:3922: checking for suffix of executables
configure:3929: gcc -o conftest    conftest.c  >&5
configure:3933: $? = 0
configure:3955: result: 
configure:3977: checking whether we are cross compiling
configure:3985: gcc -o conftest    conftest.c  >&5
configure:3989: $? = 0
configure:3996: ./conftest
configure:4000: $? = 0
configure:4015: result: no
configure:4020: checking for suffix of object files
configure:4042: gcc -c   conftest.c >&5
configure:4046: $? = 0
configure:4067: result: o
configure:4071: checking whether we are using the GNU C compiler
configure:4090: gcc -c   conftest.c >&5
configure:4090: $? = 0
configure:4099: result: yes
configure:4108: checking whether gcc accepts -g
configure:4128: gcc -c -g  conftest.c >&5
configure:4128: $? = 0
configure:4169: result: yes
configure:4186: checking for gcc option to accept ISO C89
configure:4249: gcc  -c -g -O2  conftest.c >&5
configure:4249: $? = 0
configure:4262: result: none needed
configure:4287: checking whether gcc understands -c and -o together
configure:4309: gcc -c conftest.c -o conftest2.o
configure:4312: $? = 0
configure:4309: gcc -c conftest.c -o conftest2.o
configure:4312: $? = 0
configure:4324: result: yes
configure:4343: checking dependency style of gcc
configure:4454: result: gcc3
configure:4469: checking for a sed that does not truncate output
configure:4533: result: /bin/sed
configure:4551: checking for grep that handles long lines and -e
configure:4609: result: /bin/grep
configure:4614: checking for egrep
configure:4676: result: /bin/grep -E
configure:4681: checking for fgrep
configure:4743: result: /bin/grep -F
configure:4778: checking for ld used by gcc
configure:4845: result: /usr/bin/ld
configure:4852: checking if the linker (/usr/bin/ld) is GNU ld
configure:4867: result: yes
configure:4879: checking for BSD- or MS-compatible name lister (nm)
configure:4933: result: /usr/bin/nm -B
configure:5063: checking the name lister (/usr/bin/nm -B) interface
configure:5070: gcc -c -g -O2  conftest.c >&5
configure:5073: /usr/bin/nm -B "conftest.o"
configure:5076: output
0000000000000000 B some_variable
configure:5083: result: BSD nm
configure:5086: checking whether ln -s works
configure:5090: result: yes
configure:5098: checking the maximum length of command line arguments
configure:5229: result: 3458764513820540925
configure:5277: checking how to convert x86_64-pc-linux-gnu file names to x86_64-pc-linux-gnu format
configure:5317: result: func_convert_file_noop
configure:5324: checking how to convert x86_64-pc-linux-gnu file names to toolchain format
configure:5344: result: func_convert_file_noop
configure:5351: checking for /usr/bin/ld option to reload object files
configure:5358: result: -r
configure:5432: checking for objdump
configure:5448: found /usr/bin/objdump
configure:5459: result: objdump
configure:5491: checking how to recognize dependent libraries
configure:5691: result: pass_all
configure:5776: checking for dlltool
configure:5806: result: no
configure:5836: checking how to associate runtime and link libraries
configure:5863: result: printf %s\n
configure:5924: checking for ar
configure:5940: found /usr/bin/ar
configure:5951: result: ar
configure:5988: checking for archiver @FILE support
configure:6005: gcc -c -g -O2  conftest.c >&5
configure:6005: $? = 0
configure:6008: ar cru libconftest.a @conftest.lst >&5
ar: `u' modifier ignored since `D' is the default (see `U')
configure:6011: $? = 0
configure:6016: ar cru libconftest.a @conftest.lst >&5
ar: `u' modifier ignored since `D' is the default (see `U')
ar: conftest.o: No such file or directory
configure:6019: $? = 1
configure:6031: result: @
configure:6089: checking for strip
configure:6105: found /usr/bin/strip
configure:6116: result: strip
configure:6188: checking for ranlib
configure:6204: found /usr/bin/ranlib
configure:6215: result: ranlib
configure:6317: checking command to parse /usr/bin/nm -B output from gcc object
configure:6470: gcc -c -g -O2  conftest.c >&5
configure:6473: $? = 0
configure:6477: /usr/bin/nm -B conftest.o \| sed -n -e 's/^.*[ ]\([ABCDGIRSTW][ABCDGIRSTW]*\)[ ][ ]*\([_A-Za-z][_A-Za-z0-9]*\)$/\1 \2 \2/p' | sed '/ __gnu_lto/d' \> conftest.nm
configure:6480: $? = 0
configure:6546: gcc -o conftest -g -O2   conftest.c conftstm.o >&5
configure:6549: $? = 0
configure:6587: result: ok
configure:6634: checking for sysroot
configure:6664: result: no
configure:6671: checking for a working dd
configure:6709: result: /bin/dd
configure:6713: checking how to truncate binary pipes
configure:6728: result: /bin/dd bs=4096 count=1
configure:6864: gcc -c -g -O2  conftest.c >&5
configure:6867: $? = 0
configure:7057: checking for mt
configure:7087: result: no
configure:7107: checking if : is a manifest tool
configure:7113: : '-?'
configure:7121: result: no
configure:7798: checking how to run the C preprocessor
configure:7829: gcc -E  conftest.c
configure:7829: $? = 0
configure:7843: gcc -E  conftest.c
conftest.c:11:28: fatal error: ac_nonexistent.h: No such file or directory
compilation terminated.
configure:7843: $? = 1
configure: failed program was:
| /* confdefs.h */
| #define PACKAGE_NAME "xapian-bindings"
| #define PACKAGE_TARNAME "xapian-bindings"
| #define PACKAGE_VERSION "1.4.10"
| #define PACKAGE_STRING "xapian-bindings 1.4.10"
| #define PACKAGE_BUGREPORT "https://xapian.org/bugs"
| #define PACKAGE_URL ""
| #define PACKAGE "xapian-bindings"
| #define VERSION "1.4.10"
| /* end confdefs.h.  */
| #include <ac_nonexistent.h>
configure:7868: result: gcc -E
configure:7888: gcc -E  conftest.c
configure:7888: $? = 0
configure:7902: gcc -E  conftest.c
conftest.c:11:28: fatal error: ac_nonexistent.h: No such file or directory
compilation terminated.
configure:7902: $? = 1
configure: failed program was:
| /* confdefs.h */
| #define PACKAGE_NAME "xapian-bindings"
| #define PACKAGE_TARNAME "xapian-bindings"
| #define PACKAGE_VERSION "1.4.10"
| #define PACKAGE_STRING "xapian-bindings 1.4.10"
| #define PACKAGE_BUGREPORT "https://xapian.org/bugs"
| #define PACKAGE_URL ""
| #define PACKAGE "xapian-bindings"
| #define VERSION "1.4.10"
| /* end confdefs.h.  */
| #include <ac_nonexistent.h>
configure:7931: checking for ANSI C header files
configure:7951: gcc -c -g -O2  conftest.c >&5
configure:7951: $? = 0
configure:8024: gcc -o conftest -g -O2   conftest.c  >&5
configure:8024: $? = 0
configure:8024: ./conftest
configure:8024: $? = 0
configure:8035: result: yes
configure:8048: checking for sys/types.h
configure:8048: gcc -c -g -O2  conftest.c >&5
configure:8048: $? = 0
configure:8048: result: yes
configure:8048: checking for sys/stat.h
configure:8048: gcc -c -g -O2  conftest.c >&5
configure:8048: $? = 0
configure:8048: result: yes
configure:8048: checking for stdlib.h
configure:8048: gcc -c -g -O2  conftest.c >&5
configure:8048: $? = 0
configure:8048: result: yes
configure:8048: checking for string.h
configure:8048: gcc -c -g -O2  conftest.c >&5
configure:8048: $? = 0
configure:8048: result: yes
configure:8048: checking for memory.h
configure:8048: gcc -c -g -O2  conftest.c >&5
configure:8048: $? = 0
configure:8048: result: yes
configure:8048: checking for strings.h
configure:8048: gcc -c -g -O2  conftest.c >&5
configure:8048: $? = 0
configure:8048: result: yes
configure:8048: checking for inttypes.h
configure:8048: gcc -c -g -O2  conftest.c >&5
configure:8048: $? = 0
configure:8048: result: yes
configure:8048: checking for stdint.h
configure:8048: gcc -c -g -O2  conftest.c >&5
configure:8048: $? = 0
configure:8048: result: yes
configure:8048: checking for unistd.h
configure:8048: gcc -c -g -O2  conftest.c >&5
configure:8048: $? = 0
configure:8048: result: yes
configure:8062: checking for dlfcn.h
configure:8062: gcc -c -g -O2  conftest.c >&5
configure:8062: $? = 0
configure:8062: result: yes
configure:8317: checking for objdir
configure:8332: result: .libs
configure:8596: checking if gcc supports -fno-rtti -fno-exceptions
configure:8614: gcc -c -g -O2  -fno-rtti -fno-exceptions conftest.c >&5
cc1: warning: command line option '-fno-rtti' is valid for C++/ObjC++ but not for C
configure:8618: $? = 0
configure:8631: result: no
configure:8989: checking for gcc option to produce PIC
configure:8996: result: -fPIC -DPIC
configure:9004: checking if gcc PIC flag -fPIC -DPIC works
configure:9022: gcc -c -g -O2  -fPIC -DPIC -DPIC conftest.c >&5
configure:9026: $? = 0
configure:9039: result: yes
configure:9068: checking if gcc static flag -static works
configure:9096: result: yes
configure:9111: checking if gcc supports -c -o file.o
configure:9132: gcc -c -g -O2  -o out/conftest2.o conftest.c >&5
configure:9136: $? = 0
configure:9158: result: yes
configure:9166: checking if gcc supports -c -o file.o
configure:9213: result: yes
configure:9246: checking whether the gcc linker (/usr/bin/ld -m elf_x86_64) supports shared libraries
configure:10505: result: yes
configure:10542: checking whether -lc should be explicitly linked in
configure:10550: gcc -c -g -O2  conftest.c >&5
configure:10553: $? = 0
configure:10568: gcc -shared  -fPIC -DPIC conftest.o  -v -Wl,-soname -Wl,conftest -o conftest 2\>\&1 \| /bin/grep  -lc  \>/dev/null 2\>\&1
configure:10571: $? = 0
configure:10585: result: no
configure:10745: checking dynamic linker characteristics
configure:11326: gcc -o conftest -g -O2   -Wl,-rpath -Wl,/foo conftest.c  >&5
configure:11326: $? = 0
configure:11563: result: GNU/Linux ld.so
configure:11685: checking how to hardcode library paths into programs
configure:11710: result: immediate
configure:12258: checking whether stripping libraries is possible
configure:12263: result: yes
configure:12298: checking if libtool supports shared libraries
configure:12300: result: yes
configure:12303: checking whether to build shared libraries
configure:12328: result: yes
configure:12331: checking whether to build static libraries
configure:12335: result: no
configure:12437: checking for g++
configure:12453: found /usr/bin/g++
configure:12464: result: g++
configure:12491: checking for C++ compiler version
configure:12500: g++ --version >&5
g++ (Ubuntu 5.4.0-6ubuntu1~16.04.11) 5.4.0 20160609
Copyright (C) 2015 Free Software Foundation, Inc.
This is free software; see the source for copying conditions.  There is NO
warranty; not even for MERCHANTABILITY or FITNESS FOR A PARTICULAR PURPOSE.

configure:12511: $? = 0
configure:12500: g++ -v >&5
Using built-in specs.
COLLECT_GCC=g++
COLLECT_LTO_WRAPPER=/usr/lib/gcc/x86_64-linux-gnu/5/lto-wrapper
Target: x86_64-linux-gnu
Configured with: ../src/configure -v --with-pkgversion='Ubuntu 5.4.0-6ubuntu1~16.04.11' --with-bugurl=file:///usr/share/doc/gcc-5/README.Bugs --enable-languages=c,ada,c++,java,go,d,fortran,objc,obj-c++ --prefix=/usr --program-suffix=-5 --enable-shared --enable-linker-build-id --libexecdir=/usr/lib --without-included-gettext --enable-threads=posix --libdir=/usr/lib --enable-nls --with-sysroot=/ --enable-clocale=gnu --enable-libstdcxx-debug --enable-libstdcxx-time=yes --with-default-libstdcxx-abi=new --enable-gnu-unique-object --disable-vtable-verify --enable-libmpx --enable-plugin --with-system-zlib --disable-browser-plugin --enable-java-awt=gtk --enable-gtk-cairo --with-java-home=/usr/lib/jvm/java-1.5.0-gcj-5-amd64/jre --enable-java-home --with-jvm-root-dir=/usr/lib/jvm/java-1.5.0-gcj-5-amd64 --with-jvm-jar-dir=/usr/lib/jvm-exports/java-1.5.0-gcj-5-amd64 --with-arch-directory=amd64 --with-ecj-jar=/usr/share/java/eclipse-ecj.jar --enable-objc-gc --enable-multiarch --disable-werror --with-arch-32=i686 --with-abi=m64 --with-multilib-list=m32,m64,mx32 --enable-multilib --with-tune=generic --enable-checking=release --build=x86_64-linux-gnu --host=x86_64-linux-gnu --target=x86_64-linux-gnu
Thread model: posix
gcc version 5.4.0 20160609 (Ubuntu 5.4.0-6ubuntu1~16.04.11) 
configure:12511: $? = 0
configure:12500: g++ -V >&5
g++: error: unrecognized command line option '-V'
g++: fatal error: no input files
compilation terminated.
configure:12511: $? = 1
configure:12500: g++ -qversion >&5
g++: error: unrecognized command line option '-qversion'
g++: fatal error: no input files
compilation terminated.
configure:12511: $? = 1
configure:12515: checking whether we are using the GNU C++ compiler
configure:12534: g++ -c   conftest.cpp >&5
configure:12534: $? = 0
configure:12543: result: yes
configure:12552: checking whether g++ accepts -g
configure:12572: g++ -c -g  conftest.cpp >&5
configure:12572: $? = 0
configure:12613: result: yes
configure:12638: checking dependency style of g++
configure:12749: result: gcc3
configure:12782: checking how to run the C++ preprocessor
configure:12809: g++ -E  conftest.cpp
configure:12809: $? = 0
configure:12823: g++ -E  conftest.cpp
conftest.cpp:23:28: fatal error: ac_nonexistent.h: No such file or directory
compilation terminated.
configure:12823: $? = 1
configure: failed program was:
| /* confdefs.h */
| #define PACKAGE_NAME "xapian-bindings"
| #define PACKAGE_TARNAME "xapian-bindings"
| #define PACKAGE_VERSION "1.4.10"
| #define PACKAGE_STRING "xapian-bindings 1.4.10"
| #define PACKAGE_BUGREPORT "https://xapian.org/bugs"
| #define PACKAGE_URL ""
| #define PACKAGE "xapian-bindings"
| #define VERSION "1.4.10"
| #define STDC_HEADERS 1
| #define HAVE_SYS_TYPES_H 1
| #define HAVE_SYS_STAT_H 1
| #define HAVE_STDLIB_H 1
| #define HAVE_STRING_H 1
| #define HAVE_MEMORY_H 1
| #define HAVE_STRINGS_H 1
| #define HAVE_INTTYPES_H 1
| #define HAVE_STDINT_H 1
| #define HAVE_UNISTD_H 1
| #define HAVE_DLFCN_H 1
| #define LT_OBJDIR ".libs/"
| /* end confdefs.h.  */
| #include <ac_nonexistent.h>
configure:12848: result: g++ -E
configure:12868: g++ -E  conftest.cpp
configure:12868: $? = 0
configure:12882: g++ -E  conftest.cpp
conftest.cpp:23:28: fatal error: ac_nonexistent.h: No such file or directory
compilation terminated.
configure:12882: $? = 1
configure: failed program was:
| /* confdefs.h */
| #define PACKAGE_NAME "xapian-bindings"
| #define PACKAGE_TARNAME "xapian-bindings"
| #define PACKAGE_VERSION "1.4.10"
| #define PACKAGE_STRING "xapian-bindings 1.4.10"
| #define PACKAGE_BUGREPORT "https://xapian.org/bugs"
| #define PACKAGE_URL ""
| #define PACKAGE "xapian-bindings"
| #define VERSION "1.4.10"
| #define STDC_HEADERS 1
| #define HAVE_SYS_TYPES_H 1
| #define HAVE_SYS_STAT_H 1
| #define HAVE_STDLIB_H 1
| #define HAVE_STRING_H 1
| #define HAVE_MEMORY_H 1
| #define HAVE_STRINGS_H 1
| #define HAVE_INTTYPES_H 1
| #define HAVE_STDINT_H 1
| #define HAVE_UNISTD_H 1
| #define HAVE_DLFCN_H 1
| #define LT_OBJDIR ".libs/"
| /* end confdefs.h.  */
| #include <ac_nonexistent.h>
configure:13044: checking for ld used by g++
configure:13111: result: /usr/bin/ld -m elf_x86_64
configure:13118: checking if the linker (/usr/bin/ld -m elf_x86_64) is GNU ld
configure:13133: result: yes
configure:13188: checking whether the g++ linker (/usr/bin/ld -m elf_x86_64) supports shared libraries
configure:14261: result: yes
configure:14297: g++ -c -g -O2  conftest.cpp >&5
configure:14300: $? = 0
configure:14781: checking for g++ option to produce PIC
configure:14788: result: -fPIC -DPIC
configure:14796: checking if g++ PIC flag -fPIC -DPIC works
configure:14814: g++ -c -g -O2  -fPIC -DPIC -DPIC conftest.cpp >&5
configure:14818: $? = 0
configure:14831: result: yes
configure:14854: checking if g++ static flag -static works
configure:14882: result: yes
configure:14894: checking if g++ supports -c -o file.o
configure:14915: g++ -c -g -O2  -o out/conftest2.o conftest.cpp >&5
configure:14919: $? = 0
configure:14941: result: yes
configure:14946: checking if g++ supports -c -o file.o
configure:14993: result: yes
configure:15023: checking whether the g++ linker (/usr/bin/ld -m elf_x86_64) supports shared libraries
configure:15063: result: yes
configure:15204: checking dynamic linker characteristics
configure:15949: result: GNU/Linux ld.so
configure:16014: checking how to hardcode library paths into programs
configure:16039: result: immediate
/sbin/ldconfig.real: Path `/lib/x86_64-linux-gnu' given more than once
/sbin/ldconfig.real: Path `/usr/lib/x86_64-linux-gnu' given more than once
/sbin/ldconfig.real: /lib/x86_64-linux-gnu/ld-2.23.so is the dynamic linker, ignoring

/sbin/ldconfig.real: Cannot stat /usr/lib/libopen-pal.so: No such file or directory
/sbin/ldconfig.real: Cannot stat /usr/lib/liboshmem.so: No such file or directory
/sbin/ldconfig.real: Cannot stat /usr/lib/libmca_common_sm.so: No such file or directory
/sbin/ldconfig.real: Cannot stat /usr/lib/libopen-rte.so: No such file or directory
configure:16108: checking whether g++ supports C++11 features by default
configure:16165: g++ -c -g -O2  conftest.cpp >&5
conftest.cpp:27:21: error: expected identifier before 'sizeof'
       static_assert(sizeof(int) <= sizeof(T), "not big enough");
                     ^
conftest.cpp:27:21: error: expected ',' or '...' before 'sizeof'
conftest.cpp:27:63: error: ISO C++ forbids declaration of 'static_assert' with no type [-fpermissive]
       static_assert(sizeof(int) <= sizeof(T), "not big enough");
                                                               ^
conftest.cpp:34:20: warning: override controls (override/final) only available with -std=c++11 or -std=gnu++11
     virtual void f() override {}
                    ^
conftest.cpp:37:29: error: '>>' should be '> >' within a nested template argument list
     typedef check<check<bool>> right_angle_brackets;
                             ^
conftest.cpp:40:13: error: expected constructor, destructor, or type conversion before '(' token
     decltype(a) b;
             ^
conftest.cpp:44:15: error: expected unqualified-id before '&&' token
     check_type&& cr = static_cast<check_type&&>(c);
               ^
conftest.cpp:46:10: error: 'd' does not name a type
     auto d = a;
          ^
conftest.cpp:47:10: error: 'l' does not name a type
     auto l = [](){};
          ^
conftest.cpp: In constructor 'use_l::use_l()':
conftest.cpp:49:32: error: 'l' was not declared in this scope
     struct use_l { use_l() { l(); } };
                                ^
conftest.cpp: At global scope:
conftest.cpp:57:9: error: expected unqualified-id before 'using'
         using member = typename T::member_type;
         ^
conftest.cpp:63:19: error: variable or field 'func' declared void
         void func(member<T>*) {}
                   ^
conftest.cpp:63:19: error: 'member' was not declared in this scope
conftest.cpp:63:27: error: expected primary-expression before '>' token
         void func(member<T>*) {}
                           ^
conftest.cpp:63:29: error: expected primary-expression before ')' token
         void func(member<T>*) {}
                             ^
configure:16165: $? = 1
configure: failed program was:
| /* confdefs.h */
| #define PACKAGE_NAME "xapian-bindings"
| #define PACKAGE_TARNAME "xapian-bindings"
| #define PACKAGE_VERSION "1.4.10"
| #define PACKAGE_STRING "xapian-bindings 1.4.10"
| #define PACKAGE_BUGREPORT "https://xapian.org/bugs"
| #define PACKAGE_URL ""
| #define PACKAGE "xapian-bindings"
| #define VERSION "1.4.10"
| #define STDC_HEADERS 1
| #define HAVE_SYS_TYPES_H 1
| #define HAVE_SYS_STAT_H 1
| #define HAVE_STDLIB_H 1
| #define HAVE_STRING_H 1
| #define HAVE_MEMORY_H 1
| #define HAVE_STRINGS_H 1
| #define HAVE_INTTYPES_H 1
| #define HAVE_STDINT_H 1
| #define HAVE_UNISTD_H 1
| #define HAVE_DLFCN_H 1
| #define LT_OBJDIR ".libs/"
| /* end confdefs.h.  */
| 
|   template <typename T>
|     struct check
|     {
|       static_assert(sizeof(int) <= sizeof(T), "not big enough");
|     };
| 
|     struct Base {
|     virtual void f() {}
|     };
|     struct Child : public Base {
|     virtual void f() override {}
|     };
| 
|     typedef check<check<bool>> right_angle_brackets;
| 
|     int a;
|     decltype(a) b;
| 
|     typedef check<int> check_type;
|     check_type c;
|     check_type&& cr = static_cast<check_type&&>(c);
| 
|     auto d = a;
|     auto l = [](){};
|     // Prevent Clang error: unused variable 'l' [-Werror,-Wunused-variable]
|     struct use_l { use_l() { l(); } };
| 
|     // http://stackoverflow.com/questions/13728184/template-aliases-and-sfinae
|     // Clang 3.1 fails with headers of libstd++ 4.8.3 when using std::function because of this
|     namespace test_template_alias_sfinae {
|         struct foo {};
| 
|         template<typename T>
|         using member = typename T::member_type;
| 
|         template<typename T>
|         void func(...) {}
| 
|         template<typename T>
|         void func(member<T>*) {}
| 
|         void test();
| 
|         void test() {
|             func<foo>(0);
|         }
|     }
| 
configure:16172: result: no
configure:16181: checking whether g++ supports C++11 features with -std=gnu++11
configure:16240: g++ -c -g -O2 -std=gnu++11  conftest.cpp >&5
configure:16240: $? = 0
configure:16249: result: yes
configure:16390: checking for xapian-config
configure:16420: result: /workspace/xapian-core/xapian-config
configure:16443: checking /workspace/xapian-core/xapian-config works
/workspace/xapian-core/libxapian.la
-I/workspace/xapian-core/include
configure:16447: result: yes
configure:16476: checking if /workspace/xapian-core/xapian-config version >= 1.4.0
configure:16513: result: yes (1.4.10)
configure:16581: checking whether to enable maintainer-specific portions of Makefiles
configure:16590: result: no
configure:17014: checking for python2
configure:17032: found /root/venv-py2/bin/python2
configure:17044: result: /root/venv-py2/bin/python2
configure:17058: checking /root/venv-py2/bin/python2 version
configure:17063: result: 2.7
configure:17097: checking for python2 sphinx module
Traceback (most recent call last):
  File "<string>", line 1, in <module>
ImportError: No module named sphinx
configure:17103: result: no
configure:17209: checking for python3
configure:17227: found /usr/bin/python3
configure:17239: result: /usr/bin/python3
configure:17253: checking /usr/bin/python3 version
configure:17258: result: 3.5
configure:17284: checking for python3 sphinx module
Traceback (most recent call last):
  File "<string>", line 1, in <module>
ImportError: No module named 'sphinx'
configure:17290: result: no
configure:17467: checking for php-config5
configure:17500: result: no
configure:17467: checking for php-config
configure:17500: result: no
configure:17721: checking for php-config7.3
configure:17754: result: no
configure:17721: checking for php-config7.2
configure:17754: result: no
configure:17721: checking for php-config7.1
configure:17754: result: no
configure:17721: checking for php-config7.0
configure:17754: result: no
configure:17721: checking for php-config
configure:17754: result: no
configure:17906: checking for tclsh
configure:17939: result: no
configure:18131: checking for cli-csc
configure:18164: result: no
configure:18131: checking for mono-csc
configure:18164: result: no
configure:18177: checking for mcs
configure:18210: result: no
configure:18237: checking for csc
configure:18270: result: no
configure:18658: checking for java
configure:18692: result: no
configure:18704: checking for javac
configure:18738: result: no
configure:18750: checking for jar
configure:18784: result: no
configure:18980: checking for ruby
configure:19013: result: no
configure:19245: checking for perl
configure:19263: found /usr/bin/perl
configure:19275: result: /usr/bin/perl
configure:19336: checking for lua
configure:19369: result: no
configure:19553: checking if g++ -fvisibility=hidden works
configure:19556: result: yes
configure:19683: checking that generated files are newer than configure
configure:19689: result: done
configure:19740: creating ./config.status

## ---------------------- ##
## Running config.status. ##
## ---------------------- ##

This file was extended by xapian-bindings config.status 1.4.10, which was
generated by GNU Autoconf 2.69.  Invocation command line was

  CONFIG_FILES    = 
  CONFIG_HEADERS  = 
  CONFIG_LINKS    = 
  CONFIG_COMMANDS = 
  $ ./config.status 

on b12b5bd55b31

config.status:1265: creating Makefile
config.status:1265: creating doxygen_xml.conf
config.status:1265: creating xapian-version.h
config.status:1265: creating python/Makefile
config.status:1265: creating python/docs/conf.py
config.status:1265: creating python/version.i
config.status:1265: creating python3/Makefile
config.status:1265: creating python3/docs/conf.py
config.status:1265: creating python3/version.i
config.status:1265: creating php/Makefile
config.status:1265: creating php7/Makefile
config.status:1265: creating java/Makefile
config.status:1265: creating tcl8/Makefile
config.status:1265: creating tcl8/pkgIndex.tcl
config.status:1265: creating csharp/Makefile
config.status:1265: creating csharp/AssemblyInfo.cs
config.status:1265: creating ruby/Makefile
config.status:1265: creating perl/Makefile
config.status:1265: creating perl/util.i
config.status:1265: creating lua/Makefile
config.status:1265: creating xapian-bindings.spec
config.status:1265: creating config.h
config.status:1494: executing depfiles commands
config.status:1494: executing libtool commands

## ---------------- ##
## Cache variables. ##
## ---------------- ##

ac_cv_build=x86_64-pc-linux-gnu
ac_cv_c_compiler_gnu=yes
ac_cv_cxx_compiler_gnu=yes
ac_cv_env_CCC_set=
ac_cv_env_CCC_value=
ac_cv_env_CC_set=
ac_cv_env_CC_value=
ac_cv_env_CFLAGS_set=
ac_cv_env_CFLAGS_value=
ac_cv_env_CLI_set=
ac_cv_env_CLI_value=
ac_cv_env_CPPFLAGS_set=
ac_cv_env_CPPFLAGS_value=
ac_cv_env_CPP_set=
ac_cv_env_CPP_value=
ac_cv_env_CSC_set=
ac_cv_env_CSC_value=
ac_cv_env_CXXCPP_set=
ac_cv_env_CXXCPP_value=
ac_cv_env_CXXFLAGS_set=
ac_cv_env_CXXFLAGS_value=
ac_cv_env_CXX_set=
ac_cv_env_CXX_value=
ac_cv_env_GACUTIL_set=
ac_cv_env_GACUTIL_value=
ac_cv_env_JAR_set=
ac_cv_env_JAR_value=
ac_cv_env_JAVAC_set=
ac_cv_env_JAVAC_value=
ac_cv_env_JAVA_HOME_set=
ac_cv_env_JAVA_HOME_value=
ac_cv_env_JAVA_set=
ac_cv_env_JAVA_value=
ac_cv_env_JDK_HOME_set=
ac_cv_env_JDK_HOME_value=
ac_cv_env_JNI_INCLUDE_DIR_set=
ac_cv_env_JNI_INCLUDE_DIR_value=
ac_cv_env_LDFLAGS_set=
ac_cv_env_LDFLAGS_value=
ac_cv_env_LIBS_set=
ac_cv_env_LIBS_value=
ac_cv_env_LT_SYS_LIBRARY_PATH_set=
ac_cv_env_LT_SYS_LIBRARY_PATH_value=
ac_cv_env_LUA_INC_set=
ac_cv_env_LUA_INC_value=
ac_cv_env_LUA_LIB_set=
ac_cv_env_LUA_LIB_value=
ac_cv_env_LUA_SO_set=
ac_cv_env_LUA_SO_value=
ac_cv_env_LUA_set=
ac_cv_env_LUA_value=
ac_cv_env_PERL_ARCH_set=
ac_cv_env_PERL_ARCH_value=
ac_cv_env_PERL_LIB_set=
ac_cv_env_PERL_LIB_value=
ac_cv_env_PERL_SO_set=
ac_cv_env_PERL_SO_value=
ac_cv_env_PERL_set=
ac_cv_env_PERL_value=
ac_cv_env_PHP7_EXTENSION_DIR_set=
ac_cv_env_PHP7_EXTENSION_DIR_value=
ac_cv_env_PHP7_set=
ac_cv_env_PHP7_value=
ac_cv_env_PHP_CONFIG7_set=
ac_cv_env_PHP_CONFIG7_value=
ac_cv_env_PHP_CONFIG_set=
ac_cv_env_PHP_CONFIG_value=
ac_cv_env_PHP_EXTENSION_DIR_set=
ac_cv_env_PHP_EXTENSION_DIR_value=
ac_cv_env_PHP_set=
ac_cv_env_PHP_value=
ac_cv_env_PYTHON2_LIB_set=
ac_cv_env_PYTHON2_LIB_value=
ac_cv_env_PYTHON2_set=
ac_cv_env_PYTHON2_value=
ac_cv_env_PYTHON3_LIB_set=
ac_cv_env_PYTHON3_LIB_value=
ac_cv_env_PYTHON3_set=
ac_cv_env_PYTHON3_value=
ac_cv_env_RUBY_INC_ARCH_set=
ac_cv_env_RUBY_INC_ARCH_value=
ac_cv_env_RUBY_INC_set=
ac_cv_env_RUBY_INC_value=
ac_cv_env_RUBY_LIB_ARCH_set=
ac_cv_env_RUBY_LIB_ARCH_value=
ac_cv_env_RUBY_LIB_set=
ac_cv_env_RUBY_LIB_value=
ac_cv_env_RUBY_set=
ac_cv_env_RUBY_value=
ac_cv_env_SN_set=
ac_cv_env_SN_value=
ac_cv_env_SWIG_set=
ac_cv_env_SWIG_value=
ac_cv_env_TCLSH_set=
ac_cv_env_TCLSH_value=
ac_cv_env_TCL_INC_set=
ac_cv_env_TCL_INC_value=
ac_cv_env_TCL_LIB_set=
ac_cv_env_TCL_LIB_value=
ac_cv_env_THREAD_LOCAL_set=
ac_cv_env_THREAD_LOCAL_value=
ac_cv_env_XAPIAN_CONFIG_set=set
ac_cv_env_XAPIAN_CONFIG_value=/workspace/xapian-core/xapian-config
ac_cv_env_build_alias_set=
ac_cv_env_build_alias_value=
ac_cv_env_host_alias_set=
ac_cv_env_host_alias_value=
ac_cv_env_target_alias_set=
ac_cv_env_target_alias_value=
ac_cv_header_dlfcn_h=yes
ac_cv_header_inttypes_h=yes
ac_cv_header_memory_h=yes
ac_cv_header_stdc=yes
ac_cv_header_stdint_h=yes
ac_cv_header_stdlib_h=yes
ac_cv_header_string_h=yes
ac_cv_header_strings_h=yes
ac_cv_header_sys_stat_h=yes
ac_cv_header_sys_types_h=yes
ac_cv_header_unistd_h=yes
ac_cv_host=x86_64-pc-linux-gnu
ac_cv_objext=o
ac_cv_path_EGREP='/bin/grep -E'
ac_cv_path_FGREP='/bin/grep -F'
ac_cv_path_GREP=/bin/grep
ac_cv_path_PERL=/usr/bin/perl
ac_cv_path_PYTHON2=/root/venv-py2/bin/python2
ac_cv_path_PYTHON3=/usr/bin/python3
ac_cv_path_SED=/bin/sed
ac_cv_path_XAPIAN_CONFIG=/workspace/xapian-core/xapian-config
ac_cv_path_install='/usr/bin/install -c'
ac_cv_path_lt_DD=/bin/dd
ac_cv_path_mkdir=/bin/mkdir
ac_cv_prog_AWK=mawk
ac_cv_prog_CPP='gcc -E'
ac_cv_prog_CXXCPP='g++ -E'
ac_cv_prog_ac_ct_AR=ar
ac_cv_prog_ac_ct_CC=gcc
ac_cv_prog_ac_ct_CXX=g++
ac_cv_prog_ac_ct_OBJDUMP=objdump
ac_cv_prog_ac_ct_RANLIB=ranlib
ac_cv_prog_ac_ct_STRIP=strip
ac_cv_prog_cc_c89=
ac_cv_prog_cc_g=yes
ac_cv_prog_cxx_g=yes
ac_cv_prog_make_make_set=yes
am_cv_CC_dependencies_compiler_type=gcc3
am_cv_CXX_dependencies_compiler_type=gcc3
am_cv_make_support_nested_variables=yes
am_cv_prog_cc_c_o=yes
am_cv_prog_tar_ustar=gnutar
ax_cv_cxx_compile_cxx11=no
ax_cv_cxx_compile_cxx11__std_gnupp11=yes
lt_cv_ar_at_file=@
lt_cv_archive_cmds_need_lc=no
lt_cv_deplibs_check_method=pass_all
lt_cv_file_magic_cmd='$MAGIC_CMD'
lt_cv_file_magic_test_file=
lt_cv_ld_reload_flag=-r
lt_cv_nm_interface='BSD nm'
lt_cv_objdir=.libs
lt_cv_path_LD=/usr/bin/ld
lt_cv_path_LDCXX='/usr/bin/ld -m elf_x86_64'
lt_cv_path_NM='/usr/bin/nm -B'
lt_cv_path_mainfest_tool=no
lt_cv_prog_compiler_c_o=yes
lt_cv_prog_compiler_c_o_CXX=yes
lt_cv_prog_compiler_pic='-fPIC -DPIC'
lt_cv_prog_compiler_pic_CXX='-fPIC -DPIC'
lt_cv_prog_compiler_pic_works=yes
lt_cv_prog_compiler_pic_works_CXX=yes
lt_cv_prog_compiler_rtti_exceptions=no
lt_cv_prog_compiler_static_works=yes
lt_cv_prog_compiler_static_works_CXX=yes
lt_cv_prog_gnu_ld=yes
lt_cv_prog_gnu_ldcxx=yes
lt_cv_sharedlib_from_linklib_cmd='printf %s\n'
lt_cv_shlibpath_overrides_runpath=no
lt_cv_sys_global_symbol_pipe='sed -n -e '\''s/^.*[	 ]\([ABCDGIRSTW][ABCDGIRSTW]*\)[	 ][	 ]*\([_A-Za-z][_A-Za-z0-9]*\)$/\1 \2 \2/p'\'' | sed '\''/ __gnu_lto/d'\'''
lt_cv_sys_global_symbol_to_c_name_address='sed -n -e '\''s/^: \(.*\) .*$/  {"\1", (void *) 0},/p'\'' -e '\''s/^[ABCDGIRSTW][ABCDGIRSTW]* .* \(.*\)$/  {"\1", (void *) \&\1},/p'\'''
lt_cv_sys_global_symbol_to_c_name_address_lib_prefix='sed -n -e '\''s/^: \(.*\) .*$/  {"\1", (void *) 0},/p'\'' -e '\''s/^[ABCDGIRSTW][ABCDGIRSTW]* .* \(lib.*\)$/  {"\1", (void *) \&\1},/p'\'' -e '\''s/^[ABCDGIRSTW][ABCDGIRSTW]* .* \(.*\)$/  {"lib\1", (void *) \&\1},/p'\'''
lt_cv_sys_global_symbol_to_cdecl='sed -n -e '\''s/^T .* \(.*\)$/extern int \1();/p'\'' -e '\''s/^[ABCDGIRSTW][ABCDGIRSTW]* .* \(.*\)$/extern char \1;/p'\'''
lt_cv_sys_global_symbol_to_import=
lt_cv_sys_max_cmd_len=3458764513820540925
lt_cv_to_host_file_cmd=func_convert_file_noop
lt_cv_to_tool_file_cmd=func_convert_file_noop
lt_cv_truncate_bin='/bin/dd bs=4096 count=1'

## ----------------- ##
## Output variables. ##
## ----------------- ##

ACLOCAL='${SHELL} /workspace/xapian-bindings/missing aclocal-1.15'
AMDEPBACKSLASH='\'
AMDEP_FALSE='#'
AMDEP_TRUE=''
AMTAR='$${TAR-tar}'
AM_BACKSLASH='\'
AM_DEFAULT_V='$(AM_DEFAULT_VERBOSITY)'
AM_DEFAULT_VERBOSITY='1'
AM_V='$(V)'
AR='ar'
AUTOCONF='${SHELL} /workspace/xapian-bindings/missing autoconf'
AUTOHEADER='${SHELL} /workspace/xapian-bindings/missing autoheader'
AUTOM4TE='autom4te'
AUTOMAKE='${SHELL} /workspace/xapian-bindings/missing automake-1.15'
AWK='mawk'
BINDINGS=' perl'
CC='gcc'
CCDEPMODE='depmode=gcc3'
CFLAGS='-g -O2'
CLI=''
COMPAT_VERSION='1.4.10'
CPP='gcc -E'
CPPFLAGS=''
CSC=''
CXX='g++'
CXXCPP='g++ -E'
CXXDEPMODE='depmode=gcc3'
CXXFLAGS='-g -O2 -std=gnu++11'
CYGPATH_W='echo'
DEFS='-DHAVE_CONFIG_H'
DEPDIR='.deps'
DLLTOOL='false'
DOCUMENTATION_RULES_FALSE=''
DOCUMENTATION_RULES_TRUE='#'
DOXYGEN=''
DSYMUTIL=''
DUMPBIN=''
ECHO_C=''
ECHO_N='-n'
ECHO_T=''
EGREP='/bin/grep -E'
EXEEXT=''
FGREP='/bin/grep -F'
GACUTIL=''
GACUTIL_FLAGS=''
GREP='/bin/grep'
HAVE_CXX11=''
INSTALL_DATA='${INSTALL} -m 644'
INSTALL_PROGRAM='${INSTALL}'
INSTALL_SCRIPT='${INSTALL}'
INSTALL_STRIP_PROGRAM='$(install_sh) -c -s'
INTREE_DYLD_PATH=''
JAR=''
JAVA=''
JAVAC=''
JAVA_CHECK_JNI_OPTION=''
JAVA_CPPFLAGS=''
JAVA_HOME=''
JAVA_PATHSEP=''
JDK_HOME=''
JNI_INCLUDE_DIR=''
LD='/usr/bin/ld -m elf_x86_64'
LDFLAGS=''
LIBOBJS=''
LIBS=''
LIBTOOL='$(SHELL) $(top_builddir)/libtool'
LIPO=''
LN_S='ln -s'
LTLIBOBJS=''
LT_SYS_LIBRARY_PATH=''
LUA=''
LUA_CPPFLAGS=''
LUA_INC=''
LUA_LIB=''
LUA_SO=''
MAINT='#'
MAINTAINER_MODE_FALSE=''
MAINTAINER_MODE_TRUE='#'
MAINTAINER_NO_DOCS_FALSE=''
MAINTAINER_NO_DOCS_TRUE='#'
MAKEINFO='${SHELL} /workspace/xapian-bindings/missing makeinfo'
MANIFEST_TOOL=':'
MKDIR_P='/bin/mkdir -p'
NEED_INTREE_DYLD_FALSE=''
NEED_INTREE_DYLD_TRUE='#'
NEED_JNILIB_EXT_FALSE=''
NEED_JNILIB_EXT_TRUE='#'
NM='/usr/bin/nm -B'
NMEDIT=''
NO_UNDEFINED=''
OBJDUMP='objdump'
OBJEXT='o'
OTOOL64=''
OTOOL=''
OVERRIDE_MACOSX_DEPLOYMENT_TARGET=''
OVERRIDE_MACOSX_DEPLOYMENT_TARGET_FALSE=''
OVERRIDE_MACOSX_DEPLOYMENT_TARGET_TRUE='#'
PACKAGE='xapian-bindings'
PACKAGE_BUGREPORT='https://xapian.org/bugs'
PACKAGE_NAME='xapian-bindings'
PACKAGE_STRING='xapian-bindings 1.4.10'
PACKAGE_TARNAME='xapian-bindings'
PACKAGE_URL=''
PACKAGE_VERSION='1.4.10'
PATH_SEPARATOR=':'
PERL='/usr/bin/perl'
PERL_ARCH='/usr/local/lib/x86_64-linux-gnu/perl/5.22.1'
PERL_INC='/usr/lib/x86_64-linux-gnu/perl/5.22/CORE'
PERL_LIB='/usr/local/share/perl/5.22.1'
PERL_SO='.so'
PERL_XAPIAN_VERSION='1.4.10.0'
PHP7=''
PHP7_EXTENSION_DIR=''
PHP7_INC=''
PHP7_LIBS=''
PHP7_MAJOR_VERSION=''
PHP7_PATH_SEPARATOR=''
PHP=''
PHP_CONFIG7=''
PHP_CONFIG=''
PHP_EXTENSION_DIR=''
PHP_INC=''
PHP_LIBS=''
PHP_MAJOR_VERSION=''
PHP_PATH_SEPARATOR=''
PYTHON2=''
PYTHON2_INC='/usr/include/python2.7'
PYTHON2_LIB=''
PYTHON2_LIBS=''
PYTHON2_SO=''
PYTHON3=''
PYTHON3_CACHE_OPT1_EXT=''
PYTHON3_CACHE_TAG=''
PYTHON3_INC='/usr/include/python3.5m'
PYTHON3_LIB=''
PYTHON3_LIBS=''
PYTHON3_SO=''
PYTHON=''
RANLIB='ranlib'
RDOC=''
RST2HTML=''
RUBY=''
RUBY_DLEXT=''
RUBY_INC=''
RUBY_INC_ARCH=''
RUBY_LIB=''
RUBY_LIBS=''
RUBY_LIB_ARCH=''
RUN_CSHARP=''
SED='/bin/sed'
SET_MAKE=''
SHELL='/bin/bash'
SN=''
STRIP='strip'
SWIG=''
SWIG_CXXFLAGS='-fno-strict-aliasing -Wall -Wno-unused -Wno-uninitialized -fvisibility=hidden'
SWIG_FLAGS=''
TCLSH=''
TCL_CPPFLAGS=''
TCL_INC=''
TCL_LIB=''
TCL_LIBS=''
THREAD_LOCAL=''
VERSION='1.4.10'
VERSION_NO_SNAPSHOT='1.4.10'
XAPIAN_CONFIG='/workspace/xapian-core/xapian-config'
XAPIAN_CXXFLAGS='-I/workspace/xapian-core/include'
XAPIAN_HEADERS=''
XAPIAN_HEADER_DIRS=''
XAPIAN_LIBS='/workspace/xapian-core/libxapian.la -lstdc++'
XAPIAN_VERSION='1.4.10'
ac_ct_AR='ar'
ac_ct_CC='gcc'
ac_ct_CXX='g++'
ac_ct_DUMPBIN=''
am__EXEEXT_FALSE=''
am__EXEEXT_TRUE='#'
am__fastdepCC_FALSE='#'
am__fastdepCC_TRUE=''
am__fastdepCXX_FALSE='#'
am__fastdepCXX_TRUE=''
am__include='include'
am__isrc=''
am__leading_dot='.'
am__nodep='_no'
am__quote=''
am__tar='tar --format=ustar -chf - "$$tardir"'
am__untar='tar -xf -'
bindir='${exec_prefix}/bin'
build='x86_64-pc-linux-gnu'
build_alias=''
build_cpu='x86_64'
build_os='linux-gnu'
build_vendor='pc'
datadir='${datarootdir}'
datarootdir='${prefix}/share'
docdir='${datarootdir}/doc/${PACKAGE_TARNAME}'
dvidir='${docdir}'
exec_prefix='${prefix}'
host='x86_64-pc-linux-gnu'
host_alias=''
host_cpu='x86_64'
host_os='linux-gnu'
host_vendor='pc'
htmldir='${docdir}'
includedir='${prefix}/include'
infodir='${datarootdir}/info'
install_sh='${SHELL} /workspace/xapian-bindings/install-sh'
libdir='${exec_prefix}/lib'
libexecdir='${exec_prefix}/libexec'
localedir='${datarootdir}/locale'
localstatedir='${prefix}/var'
mandir='${datarootdir}/man'
mkdir_p='$(MKDIR_P)'
oldincludedir='/usr/include'
pdfdir='${docdir}'
prefix='/workspace/build'
program_transform_name='s,x,x,'
psdir='${docdir}'
sbindir='${exec_prefix}/sbin'
sharedstatedir='${prefix}/com'
sysconfdir='${prefix}/etc'
target_alias=''

## ----------- ##
## confdefs.h. ##
## ----------- ##

/* confdefs.h */
#define PACKAGE_NAME "xapian-bindings"
#define PACKAGE_TARNAME "xapian-bindings"
#define PACKAGE_VERSION "1.4.10"
#define PACKAGE_STRING "xapian-bindings 1.4.10"
#define PACKAGE_BUGREPORT "https://xapian.org/bugs"
#define PACKAGE_URL ""
#define PACKAGE "xapian-bindings"
#define VERSION "1.4.10"
#define STDC_HEADERS 1
#define HAVE_SYS_TYPES_H 1
#define HAVE_SYS_STAT_H 1
#define HAVE_STDLIB_H 1
#define HAVE_STRING_H 1
#define HAVE_MEMORY_H 1
#define HAVE_STRINGS_H 1
#define HAVE_INTTYPES_H 1
#define HAVE_STDINT_H 1
#define HAVE_UNISTD_H 1
#define HAVE_DLFCN_H 1
#define LT_OBJDIR ".libs/"

configure: exit 0
